\BOOKMARK [1][-]{section.1}{\376\377\000P\000R\000E\000F\000A\000Z\000I\000O\000N\000E}{}% 1
\BOOKMARK [2][-]{subsection.1.1}{\376\377\000C\000o\000n\000f\000e\000r\000e\000n\000z\000a\000,\000\040\000s\000e\000d\000e\000,\000\040\000p\000r\000o\000g\000r\000a\000m\000m\000a\000,\000\040\000l\000o\000c\000a\000z\000i\000o\000n\000e\000\040\000e\000\040\000s\000e\000s\000s\000i\000o\000n\000e}{section.1}% 2
\BOOKMARK [2][-]{subsection.1.2}{\376\377\000E\000v\000e\000n\000t\000o\000\040\000s\000o\000c\000i\000a\000l\000e\000\040\000e\000\040\000i\000n\000t\000e\000r\000v\000a\000l\000l\000o}{section.1}% 3
\BOOKMARK [2][-]{subsection.1.3}{\376\377\000O\000r\000g\000a\000n\000i\000z\000z\000a\000t\000o\000r\000e\000\040\000l\000o\000c\000a\000l\000e\000,\000\040\000o\000r\000g\000a\000n\000i\000z\000z\000a\000t\000o\000r\000e\000\040\000s\000c\000i\000e\000n\000t\000i\000f\000i\000c\000o\000,\000\040\000p\000a\000r\000t\000e\000c\000i\000p\000a\000n\000t\000e\000,\000\040\000i\000n\000t\000e\000r\000v\000e\000n\000t\000o\000\040\000e\000d\000\040\000e\000n\000t\000e}{section.1}% 4
\BOOKMARK [2][-]{subsection.1.4}{\376\377\000S\000p\000o\000n\000s\000o\000r\000\040\000e\000\040\000p\000u\000b\000b\000l\000i\000c\000i\000t\000\340}{section.1}% 5
\BOOKMARK [1][-]{section.2}{\376\377\000P\000R\000O\000G\000E\000T\000T\000A\000Z\000I\000O\000N\000E\000\040\000C\000O\000N\000C\000E\000T\000T\000U\000A\000L\000E}{}% 6
\BOOKMARK [2][-]{subsection.2.1}{\376\377\000E\000R}{section.2}% 7
\BOOKMARK [2][-]{subsection.2.2}{\376\377\000C\000L\000A\000S\000S\000\040\000D\000I\000A\000G\000R\000A\000M}{section.2}% 8
\BOOKMARK [2][-]{subsection.2.3}{\376\377\000R\000i\000s\000t\000r\000u\000t\000t\000u\000a\000z\000i\000o\000n\000e\000\040\000d\000e\000l\000\040\000c\000l\000a\000s\000s\000\040\000d\000i\000a\000g\000r\000a\000m}{section.2}% 9
\BOOKMARK [2][-]{subsection.2.4}{\376\377\000E\000l\000i\000m\000i\000n\000a\000z\000i\000o\000n\000e\000\040\000a\000t\000t\000r\000i\000b\000u\000t\000i\000\040\000m\000u\000l\000t\000i\000v\000a\000l\000o\000r\000e}{section.2}% 10
\BOOKMARK [2][-]{subsection.2.5}{\376\377\000E\000l\000i\000m\000i\000n\000a\000z\000i\000o\000n\000e\000\040\000a\000t\000t\000r\000i\000b\000u\000t\000i\000\040\000s\000t\000r\000u\000t\000t\000u\000r\000a\000t\000i}{section.2}% 11
\BOOKMARK [2][-]{subsection.2.6}{\376\377\000S\000c\000e\000l\000t\000a\000\040\000d\000e\000g\000l\000i\000\040\000i\000d\000e\000n\000t\000i\000f\000i\000c\000a\000t\000o\000r\000i\000\040\000p\000r\000i\000m\000a\000r\000i}{section.2}% 12
\BOOKMARK [2][-]{subsection.2.7}{\376\377\000E\000l\000i\000m\000i\000n\000a\000z\000i\000o\000n\000i\000\040\000d\000e\000l\000l\000e\000\040\000g\000e\000r\000a\000r\000c\000h\000i\000e}{section.2}% 13
\BOOKMARK [2][-]{subsection.2.8}{\376\377\000A\000n\000a\000l\000i\000s\000i\000\040\000d\000e\000l\000l\000e\000\040\000r\000i\000d\000o\000n\000d\000a\000n\000z\000e}{section.2}% 14
\BOOKMARK [2][-]{subsection.2.9}{\376\377\000C\000L\000A\000S\000S\000\040\000D\000I\000A\000G\000R\000A\000M\000\040\000R\000I\000S\000T\000R\000U\000T\000T\000U\000R\000A\000T\000O}{section.2}% 15
\BOOKMARK [2][-]{subsection.2.10}{\376\377\000D\000i\000z\000i\000o\000n\000a\000r\000i\000o\000\040\000c\000l\000a\000s\000s\000i}{section.2}% 16
\BOOKMARK [2][-]{subsection.2.11}{\376\377\000D\000i\000z\000i\000o\000n\000a\000r\000i\000o\000\040\000a\000s\000s\000o\000c\000i\000a\000z\000i\000o\000n\000i}{section.2}% 17
\BOOKMARK [2][-]{subsection.2.12}{\376\377\000D\000i\000z\000i\000o\000n\000a\000r\000i\000o\000\040\000v\000i\000n\000c\000o\000l\000i}{section.2}% 18
\BOOKMARK [1][-]{section.3}{\376\377\000P\000r\000o\000g\000e\000t\000t\000a\000z\000i\000o\000n\000e\000\040\000L\000o\000g\000i\000c\000a}{}% 19
\BOOKMARK [2][-]{subsection.3.1}{\376\377\000S\000c\000h\000e\000m\000a\000\040\000L\000o\000g\000i\000c\000o}{section.3}% 20
\BOOKMARK [1][-]{section.4}{\376\377\000P\000R\000O\000G\000E\000T\000T\000A\000Z\000I\000O\000N\000E\000\040\000F\000I\000S\000I\000C\000A}{}% 21
\BOOKMARK [2][-]{subsection.4.1}{\376\377\000C\000r\000e\000a\000z\000i\000o\000n\000e\000\040\000d\000e\000l\000l\000e\000\040\000e\000n\000u\000m\000a\000r\000a\000z\000i\000o\000n\000i}{section.4}% 22
\BOOKMARK [2][-]{subsection.4.2}{\376\377\000C\000r\000e\000a\000z\000i\000o\000n\000e\000\040\000d\000e\000l\000l\000e\000\040\000t\000a\000b\000e\000l\000l\000e}{section.4}% 23
\BOOKMARK [3][-]{subsubsection.4.2.1}{\376\377\000T\000a\000b\000e\000l\000l\000a\000\040\000S\000E\000D\000E}{subsection.4.2}% 24
\BOOKMARK [3][-]{subsubsection.4.2.2}{\376\377\000T\000a\000b\000e\000l\000l\000a\000\040\000L\000O\000C\000A\000Z\000I\000O\000N\000E}{subsection.4.2}% 25
\BOOKMARK [3][-]{subsubsection.4.2.3}{\376\377\000T\000a\000b\000e\000l\000l\000a\000\040\000C\000O\000N\000F\000E\000R\000E\000N\000Z\000A}{subsection.4.2}% 26
\BOOKMARK [3][-]{subsubsection.4.2.4}{\376\377\000T\000a\000b\000e\000l\000l\000a\000\040\000S\000P\000O\000N\000S\000O\000R}{subsection.4.2}% 27
\BOOKMARK [3][-]{subsubsection.4.2.5}{\376\377\000T\000a\000b\000e\000l\000l\000a\000\040\000P\000R\000O\000G\000R\000A\000M\000M\000A}{subsection.4.2}% 28
\BOOKMARK [3][-]{subsubsection.4.2.6}{\376\377\000T\000a\000b\000e\000l\000l\000a\000\040\000I\000N\000T\000E\000R\000V\000A\000L\000L\000O}{subsection.4.2}% 29
\BOOKMARK [3][-]{subsubsection.4.2.7}{\376\377\000T\000a\000b\000e\000l\000l\000a\000\040\000E\000V\000E\000N\000T\000O\000\137\000S\000O\000C\000I\000A\000L\000E}{subsection.4.2}% 30
\BOOKMARK [3][-]{subsubsection.4.2.8}{\376\377\000T\000a\000b\000e\000l\000l\000a\000\040\000E\000N\000T\000E}{subsection.4.2}% 31
\BOOKMARK [3][-]{subsubsection.4.2.9}{\376\377\000T\000a\000b\000e\000l\000l\000a\000\040\000O\000R\000G\000A\000N\000I\000Z\000Z\000A\000T\000O\000R\000E\000\137\000L\000O\000C\000A\000L\000E}{subsection.4.2}% 32
\BOOKMARK [3][-]{subsubsection.4.2.10}{\376\377\000T\000a\000b\000e\000l\000l\000a\000\040\000O\000R\000G\000A\000N\000I\000Z\000Z\000A\000T\000O\000R\000E\000\137\000S\000C\000I\000E\000N\000T\000I\000F\000I\000C\000O}{subsection.4.2}% 33
\BOOKMARK [3][-]{subsubsection.4.2.11}{\376\377\000T\000a\000b\000e\000l\000l\000a\000\040\000P\000A\000R\000T\000E\000C\000I\000P\000A\000N\000T\000E}{subsection.4.2}% 34
\BOOKMARK [3][-]{subsubsection.4.2.12}{\376\377\000T\000a\000b\000e\000l\000l\000a\000\040\000S\000E\000S\000S\000I\000O\000N\000E}{subsection.4.2}% 35
\BOOKMARK [3][-]{subsubsection.4.2.13}{\376\377\000T\000a\000b\000e\000l\000l\000a\000\040\000I\000N\000T\000E\000R\000V\000E\000N\000T\000O}{subsection.4.2}% 36
\BOOKMARK [3][-]{subsubsection.4.2.14}{\376\377\000T\000a\000b\000e\000l\000l\000a\000\040\000P\000U\000B\000B\000L\000I\000C\000I\000T\000A\000'}{subsection.4.2}% 37
\BOOKMARK [3][-]{subsubsection.4.2.15}{\376\377\000T\000a\000b\000e\000l\000l\000a\000\040\000A\000M\000M\000I\000N\000I\000S\000T\000R\000A\000R\000E}{subsection.4.2}% 38
\BOOKMARK [3][-]{subsubsection.4.2.16}{\376\377\000T\000a\000b\000e\000l\000l\000a\000\040\000O\000R\000G\000A\000N\000I\000Z\000Z\000A\000R\000E\000\137\000L}{subsection.4.2}% 39
\BOOKMARK [3][-]{subsubsection.4.2.17}{\376\377\000T\000a\000b\000e\000l\000l\000a\000\040\000O\000R\000G\000A\000N\000I\000Z\000Z\000A\000R\000E\000\137\000S}{subsection.4.2}% 40
\BOOKMARK [3][-]{subsubsection.4.2.18}{\376\377\000T\000a\000b\000e\000l\000l\000a\000\040\000P\000A\000R\000T\000E\000C\000I\000P\000A\000R\000E}{subsection.4.2}% 41
\BOOKMARK [2][-]{subsection.4.3}{\376\377\000T\000r\000i\000g\000g\000e\000r\000,\000P\000r\000o\000c\000e\000d\000u\000r\000e\000\040\000e\000\040\000V\000i\000e\000w}{section.4}% 42
\BOOKMARK [3][-]{subsubsection.4.3.1}{\376\377\000A\000U\000T\000O\000M\000A\000T\000I\000S\000M\000O\000\040\000A\000M\000M\000I\000N\000I\000S\000T\000R\000A\000R\000E\000\040\000O\000R\000G\000A\000N\000I\000Z\000Z\000A\000T\000O\000R\000E}{subsection.4.3}% 43
\BOOKMARK [3][-]{subsubsection.4.3.2}{\376\377\000A\000U\000T\000O\000M\000A\000T\000I\000S\000M\000O\000\040\000P\000A\000R\000T\000E\000C\000I\000P\000A\000Z\000I\000O\000N\000E\000\040\000K\000E\000Y\000N\000O\000T\000E\000S\000P\000E\000A\000K\000E\000R}{subsection.4.3}% 44
\BOOKMARK [3][-]{subsubsection.4.3.3}{\376\377\000T\000R\000I\000G\000G\000E\000R\000\040\000C\000O\000N\000F\000L\000I\000S\000S\000O\000\040\000S\000E\000S\000S\000I\000O\000N\000I}{subsection.4.3}% 45
\BOOKMARK [3][-]{subsubsection.4.3.4}{\376\377\000T\000R\000I\000G\000G\000E\000R\000\040\000L\000O\000C\000A\000Z\000I\000O\000N\000E\000\040\000V\000A\000L\000I\000D\000A}{subsection.4.3}% 46
\BOOKMARK [3][-]{subsubsection.4.3.5}{\376\377\000V\000I\000E\000W\000\040\000R\000I\000E\000P\000I\000L\000O\000G\000O\000K\000S}{subsection.4.3}% 47
\BOOKMARK [2][-]{subsection.4.4}{\376\377\000P\000o\000p\000o\000l\000a\000m\000e\000n\000t\000o\000\040\000d\000e\000l\000\040\000d\000a\000t\000a\000b\000a\000s\000e}{section.4}% 48
