This is pdfTeX, Version 3.141592653-2.6-1.40.24 (MiKTeX 22.8.28) (preloaded format=pdflatex 2022.10.10)  5 MAR 2023 11:55
entering extended mode
 restricted \write18 enabled.
 %&-line parsing enabled.
**"./progetto OO.tex"
(progetto OO.tex
LaTeX2e <2022-06-01> patch level 5
L3 programming layer <2022-08-30>
(C:\Users\aessn\AppData\Local\Programs\MiKTeX\tex/latex/base\book.cls
Document Class: book 2021/10/04 v1.4n Standard LaTeX document class
(C:\Users\aessn\AppData\Local\Programs\MiKTeX\tex/latex/base\bk10.clo
File: bk10.clo 2021/10/04 v1.4n Standard LaTeX file (size option)
)
\c@part=\count185
\c@chapter=\count186
\c@section=\count187
\c@subsection=\count188
\c@subsubsection=\count189
\c@paragraph=\count190
\c@subparagraph=\count191
\c@figure=\count192
\c@table=\count193
\abovecaptionskip=\skip47
\belowcaptionskip=\skip48
\bibindent=\dimen138
)
(C:\Users\aessn\AppData\Local\Programs\MiKTeX\tex/generic/babel\babel.sty
Package: babel 2022/09/17 3.80 The Babel package
\babel@savecnt=\count194
\U@D=\dimen139
\l@unhyphenated=\language79

(C:\Users\aessn\AppData\Local\Programs\MiKTeX\tex/generic/babel\txtbabel.def)
\bbl@readstream=\read2
\bbl@dirlevel=\count195

*************************************
* Local config file bblopts.cfg used
*
(C:\Users\aessn\AppData\Local\Programs\MiKTeX\tex/latex/arabi\bblopts.cfg
File: bblopts.cfg 2005/09/08 v0.1 add Arabic and Farsi to "declared" options of
 babel
)
(C:\Users\aessn\AppData\Local\Programs\MiKTeX\tex/latex/babel-italian\italian.l
df
Language: italian 2022/03/27 v.1.4.07 Italian support for the babel system
\it@lettering=\count196
\it@doublequoteactive=\count197
\it@ISOcompliance=\count198
)
(C:\Users\aessn\AppData\Local\Programs\MiKTeX\tex/latex/babel-english\english.l
df
Language: english 2017/06/06 v3.3r English support from the babel system
Package babel Info: Hyphen rules for 'canadian' set to \l@english
(babel)             (\language0). Reported on input line 102.
Package babel Info: Hyphen rules for 'australian' set to \l@ukenglish
(babel)             (\language73). Reported on input line 105.
Package babel Info: Hyphen rules for 'newzealand' set to \l@ukenglish
(babel)             (\language73). Reported on input line 108.
))
(C:\Users\aessn\AppData\Local\Programs\MiKTeX\tex/generic/babel/locale/en\babel
-english.tex
Package babel Info: Importing font and identification data for english
(babel)             from babel-en.ini. Reported on input line 11.
)
(C:\Users\aessn\AppData\Local\Programs\MiKTeX\tex/generic/babel/locale/it\babel
-italian.tex
Package babel Info: Importing font and identification data for italian
(babel)             from babel-it.ini. Reported on input line 11.
)
(C:\Users\aessn\AppData\Local\Programs\MiKTeX\tex/latex/etoolbox\etoolbox.sty
Package: etoolbox 2020/10/05 v2.5k e-TeX tools for LaTeX (JAW)
\etb@tempcnta=\count199
)
(C:\Users\aessn\AppData\Local\Programs\MiKTeX\tex/latex/lipsum\lipsum.sty
(C:\Users\aessn\AppData\Local\Programs\MiKTeX\tex/latex/l3packages/l3keys2e\l3k
eys2e.sty
(C:\Users\aessn\AppData\Local\Programs\MiKTeX\tex/latex/l3kernel\expl3.sty
Package: expl3 2022-08-30 L3 programming layer (loader) 

(C:\Users\aessn\AppData\Local\Programs\MiKTeX\tex/latex/l3backend\l3backend-pdf
tex.def
File: l3backend-pdftex.def 2022-08-30 L3 backend support: PDF output (pdfTeX)
\l__color_backend_stack_int=\count266
\l__pdf_internal_box=\box51
))
Package: l3keys2e 2022-06-22 LaTeX2e option processing using LaTeX3 keys
)
Package: lipsum 2021-09-20 v2.7 150 paragraphs of Lorem Ipsum dummy text
\g__lipsum_par_int=\count267
\l__lipsum_a_int=\count268
\l__lipsum_b_int=\count269

(C:\Users\aessn\AppData\Local\Programs\MiKTeX\tex/latex/lipsum\lipsum.ltd.tex))
(C:\Users\aessn\AppData\Local\Programs\MiKTeX\tex/latex/tools\longtable.sty
Package: longtable 2021-09-01 v4.17 Multi-page Table package (DPC)
\LTleft=\skip49
\LTright=\skip50
\LTpre=\skip51
\LTpost=\skip52
\LTchunksize=\count270
\LTcapwidth=\dimen140
\LT@head=\box52
\LT@firsthead=\box53
\LT@foot=\box54
\LT@lastfoot=\box55
\LT@gbox=\box56
\LT@cols=\count271
\LT@rows=\count272
\c@LT@tables=\count273
\c@LT@chunks=\count274
\LT@p@ftn=\toks16
)
(C:\Users\aessn\AppData\Local\Programs\MiKTeX\tex/latex/graphics\graphicx.sty
Package: graphicx 2021/09/16 v1.2d Enhanced LaTeX Graphics (DPC,SPQR)

(C:\Users\aessn\AppData\Local\Programs\MiKTeX\tex/latex/graphics\keyval.sty
Package: keyval 2022/05/29 v1.15 key=value parser (DPC)
\KV@toks@=\toks17
)
(C:\Users\aessn\AppData\Local\Programs\MiKTeX\tex/latex/graphics\graphics.sty
Package: graphics 2022/03/10 v1.4e Standard LaTeX Graphics (DPC,SPQR)

(C:\Users\aessn\AppData\Local\Programs\MiKTeX\tex/latex/graphics\trig.sty
Package: trig 2021/08/11 v1.11 sin cos tan (DPC)
)
(C:\Users\aessn\AppData\Local\Programs\MiKTeX\tex/latex/graphics-cfg\graphics.c
fg
File: graphics.cfg 2016/06/04 v1.11 sample graphics configuration
)
Package graphics Info: Driver file: pdftex.def on input line 107.

(C:\Users\aessn\AppData\Local\Programs\MiKTeX\tex/latex/graphics-def\pdftex.def
File: pdftex.def 2020/10/05 v1.2a Graphics/color driver for pdftex
))
\Gin@req@height=\dimen141
\Gin@req@width=\dimen142
) (C:\Users\aessn\AppData\Local\Programs\MiKTeX\tex/latex/base\makeidx.sty
Package: makeidx 2021/10/04 v1.0m Standard LaTeX package
)
(C:\Users\aessn\AppData\Local\Programs\MiKTeX\tex/latex/hyperref\hyperref.sty
Package: hyperref 2022-09-22 v7.00t Hypertext links for LaTeX

(C:\Users\aessn\AppData\Local\Programs\MiKTeX\tex/generic/ltxcmds\ltxcmds.sty
Package: ltxcmds 2020-05-10 v1.25 LaTeX kernel commands for general use (HO)
)
(C:\Users\aessn\AppData\Local\Programs\MiKTeX\tex/generic/iftex\iftex.sty
Package: iftex 2022/02/03 v1.0f TeX engine tests
)
(C:\Users\aessn\AppData\Local\Programs\MiKTeX\tex/generic/pdftexcmds\pdftexcmds
.sty
Package: pdftexcmds 2020-06-27 v0.33 Utility functions of pdfTeX for LuaTeX (HO
)

(C:\Users\aessn\AppData\Local\Programs\MiKTeX\tex/generic/infwarerr\infwarerr.s
ty
Package: infwarerr 2019/12/03 v1.5 Providing info/warning/error messages (HO)
)
Package pdftexcmds Info: \pdf@primitive is available.
Package pdftexcmds Info: \pdf@ifprimitive is available.
Package pdftexcmds Info: \pdfdraftmode found.
)
(C:\Users\aessn\AppData\Local\Programs\MiKTeX\tex/latex/kvsetkeys\kvsetkeys.sty
Package: kvsetkeys 2022-10-05 v1.19 Key value parser (HO)
)
(C:\Users\aessn\AppData\Local\Programs\MiKTeX\tex/generic/kvdefinekeys\kvdefine
keys.sty
Package: kvdefinekeys 2019-12-19 v1.6 Define keys (HO)
)
(C:\Users\aessn\AppData\Local\Programs\MiKTeX\tex/generic/pdfescape\pdfescape.s
ty
Package: pdfescape 2019/12/09 v1.15 Implements pdfTeX's escape features (HO)
) (C:\Users\aessn\AppData\Local\Programs\MiKTeX\tex/latex/hycolor\hycolor.sty
Package: hycolor 2020-01-27 v1.10 Color options for hyperref/bookmark (HO)
)
(C:\Users\aessn\AppData\Local\Programs\MiKTeX\tex/latex/letltxmacro\letltxmacro
.sty
Package: letltxmacro 2019/12/03 v1.6 Let assignment for LaTeX macros (HO)
)
(C:\Users\aessn\AppData\Local\Programs\MiKTeX\tex/latex/auxhook\auxhook.sty
Package: auxhook 2019-12-17 v1.6 Hooks for auxiliary files (HO)
)
(C:\Users\aessn\AppData\Local\Programs\MiKTeX\tex/latex/hyperref\nameref.sty
Package: nameref 2022-05-17 v2.50 Cross-referencing by name of section

(C:\Users\aessn\AppData\Local\Programs\MiKTeX\tex/latex/refcount\refcount.sty
Package: refcount 2019/12/15 v3.6 Data extraction from label references (HO)
)
(C:\Users\aessn\AppData\Local\Programs\MiKTeX\tex/generic/gettitlestring\gettit
lestring.sty
Package: gettitlestring 2019/12/15 v1.6 Cleanup title references (HO)

(C:\Users\aessn\AppData\Local\Programs\MiKTeX\tex/latex/kvoptions\kvoptions.sty
Package: kvoptions 2022-06-15 v3.15 Key value format for package options (HO)
))
\c@section@level=\count275
)
\@linkdim=\dimen143
\Hy@linkcounter=\count276
\Hy@pagecounter=\count277
 (C:\Users\aessn\AppData\Local\Programs\MiKTeX\tex/latex/hyperref\pd1enc.def
File: pd1enc.def 2022-09-22 v7.00t Hyperref: PDFDocEncoding definition (HO)
Now handling font encoding PD1 ...
... no UTF-8 mapping file for font encoding PD1
) (C:\Users\aessn\AppData\Local\Programs\MiKTeX\tex/generic/intcalc\intcalc.sty
Package: intcalc 2019/12/15 v1.3 Expandable calculations with integers (HO)
)
(C:\Users\aessn\AppData\Local\Programs\MiKTeX\tex/generic/etexcmds\etexcmds.sty
Package: etexcmds 2019/12/15 v1.7 Avoid name clashes with e-TeX commands (HO)
)
\Hy@SavedSpaceFactor=\count278
 (C:\Users\aessn\AppData\Local\Programs\MiKTeX\tex/latex/hyperref\puenc.def
File: puenc.def 2022-09-22 v7.00t Hyperref: PDF Unicode definition (HO)
Now handling font encoding PU ...
... no UTF-8 mapping file for font encoding PU
)
Package hyperref Info: Hyper figures OFF on input line 4162.
Package hyperref Info: Link nesting OFF on input line 4167.
Package hyperref Info: Hyper index ON on input line 4170.
Package hyperref Info: Plain pages OFF on input line 4177.
Package hyperref Info: Backreferencing OFF on input line 4182.
Package hyperref Info: Implicit mode ON; LaTeX internals redefined.
\stockwidth=\dimen144
\stockheight=\dimen145
Package hyperref Info: Bookmarks ON on input line 4410.
\c@Hy@tempcnt=\count279

(C:\Users\aessn\AppData\Local\Programs\MiKTeX\tex/latex/url\url.sty
\Urlmuskip=\muskip16
Package: url 2013/09/16  ver 3.4  Verb mode for urls, etc.
)
LaTeX Info: Redefining \url on input line 4748.
\XeTeXLinkMargin=\dimen146

(C:\Users\aessn\AppData\Local\Programs\MiKTeX\tex/generic/bitset\bitset.sty
Package: bitset 2019/12/09 v1.3 Handle bit-vector datatype (HO)

(C:\Users\aessn\AppData\Local\Programs\MiKTeX\tex/generic/bigintcalc\bigintcalc
.sty
Package: bigintcalc 2019/12/15 v1.5 Expandable calculations on big integers (HO
)
))
\Fld@menulength=\count280
\Field@Width=\dimen147
\Fld@charsize=\dimen148
Package hyperref Info: Hyper figures OFF on input line 6027.
Package hyperref Info: Link nesting OFF on input line 6032.
Package hyperref Info: Hyper index ON on input line 6035.
Package hyperref Info: backreferencing OFF on input line 6042.
Package hyperref Info: Link coloring OFF on input line 6047.
Package hyperref Info: Link coloring with OCG OFF on input line 6052.
Package hyperref Info: PDF/A mode OFF on input line 6057.

(C:\Users\aessn\AppData\Local\Programs\MiKTeX\tex/latex/base\atbegshi-ltx.sty
Package: atbegshi-ltx 2021/01/10 v1.0c Emulation of the original atbegshi
package with kernel methods
)
\Hy@abspage=\count281
\c@Item=\count282
\c@Hfootnote=\count283
)
Package hyperref Info: Driver (autodetected): hpdftex.
(C:\Users\aessn\AppData\Local\Programs\MiKTeX\tex/latex/hyperref\hpdftex.def
File: hpdftex.def 2022-09-22 v7.00t Hyperref driver for pdfTeX

(C:\Users\aessn\AppData\Local\Programs\MiKTeX\tex/latex/base\atveryend-ltx.sty
Package: atveryend-ltx 2020/08/19 v1.0a Emulation of the original atveryend pac
kage
with kernel methods
)
\Fld@listcount=\count284
\c@bookmark@seq@number=\count285

(C:\Users\aessn\AppData\Local\Programs\MiKTeX\tex/latex/rerunfilecheck\rerunfil
echeck.sty
Package: rerunfilecheck 2022-07-10 v1.10 Rerun checks for auxiliary files (HO)

(C:\Users\aessn\AppData\Local\Programs\MiKTeX\tex/generic/uniquecounter\uniquec
ounter.sty
Package: uniquecounter 2019/12/15 v1.4 Provide unlimited unique counter (HO)
)
Package uniquecounter Info: New unique counter `rerunfilecheck' on input line 2
85.
)
\Hy@SectionHShift=\skip53
)
(C:\Users\aessn\AppData\Local\Programs\MiKTeX\tex/latex/ragged2e\ragged2e.sty
Package: ragged2e 2021/12/15 v3.1 ragged2e Package

(C:\Users\aessn\AppData\Local\Programs\MiKTeX\tex/latex/footmisc\footmisc.sty
Package: footmisc 2022/03/08 v6.0d a miscellany of footnote facilities
\FN@temptoken=\toks18
\footnotemargin=\dimen149
\@outputbox@depth=\dimen150
Package footmisc Info: Declaring symbol style bringhurst on input line 695.
Package footmisc Info: Declaring symbol style chicago on input line 703.
Package footmisc Info: Declaring symbol style wiley on input line 712.
Package footmisc Info: Declaring symbol style lamport-robust on input line 723.

Package footmisc Info: Declaring symbol style lamport* on input line 743.
Package footmisc Info: Declaring symbol style lamport*-robust on input line 764
.
)
\CenteringLeftskip=\skip54
\RaggedLeftLeftskip=\skip55
\RaggedRightLeftskip=\skip56
\CenteringRightskip=\skip57
\RaggedLeftRightskip=\skip58
\RaggedRightRightskip=\skip59
\CenteringParfillskip=\skip60
\RaggedLeftParfillskip=\skip61
\RaggedRightParfillskip=\skip62
\JustifyingParfillskip=\skip63
\CenteringParindent=\skip64
\RaggedLeftParindent=\skip65
\RaggedRightParindent=\skip66
\JustifyingParindent=\skip67
) (C:\Users\aessn\AppData\Local\Programs\MiKTeX\tex/latex/fancyhdr\fancyhdr.sty
Package: fancyhdr 2022/11/09 v4.1 Extensive control of page headers and footers

\f@nch@headwidth=\skip68
\f@nch@O@elh=\skip69
\f@nch@O@erh=\skip70
\f@nch@O@olh=\skip71
\f@nch@O@orh=\skip72
\f@nch@O@elf=\skip73
\f@nch@O@erf=\skip74
\f@nch@O@olf=\skip75
\f@nch@O@orf=\skip76
) (C:\Users\aessn\AppData\Local\Programs\MiKTeX\tex/latex/geometry\geometry.sty
Package: geometry 2020/01/02 v5.9 Page Geometry

(C:\Users\aessn\AppData\Local\Programs\MiKTeX\tex/generic/iftex\ifvtex.sty
Package: ifvtex 2019/10/25 v1.7 ifvtex legacy package. Use iftex instead.
)
\Gm@cnth=\count286
\Gm@cntv=\count287
\c@Gm@tempcnt=\count288
\Gm@bindingoffset=\dimen151
\Gm@wd@mp=\dimen152
\Gm@odd@mp=\dimen153
\Gm@even@mp=\dimen154
\Gm@layoutwidth=\dimen155
\Gm@layoutheight=\dimen156
\Gm@layouthoffset=\dimen157
\Gm@layoutvoffset=\dimen158
\Gm@dimlist=\toks19

(C:\Users\aessn\AppData\Local\Programs\MiKTeX\tex/latex/geometry\geometry.cfg))
(progetto OO.aux)
\openout1 = `"progetto OO.aux"'.

LaTeX Font Info:    Checking defaults for OML/cmm/m/it on input line 14.
LaTeX Font Info:    ... okay on input line 14.
LaTeX Font Info:    Checking defaults for OMS/cmsy/m/n on input line 14.
LaTeX Font Info:    ... okay on input line 14.
LaTeX Font Info:    Checking defaults for OT1/cmr/m/n on input line 14.
LaTeX Font Info:    ... okay on input line 14.
LaTeX Font Info:    Checking defaults for T1/cmr/m/n on input line 14.
LaTeX Font Info:    ... okay on input line 14.
LaTeX Font Info:    Checking defaults for TS1/cmr/m/n on input line 14.
LaTeX Font Info:    ... okay on input line 14.
LaTeX Font Info:    Checking defaults for OMX/cmex/m/n on input line 14.
LaTeX Font Info:    ... okay on input line 14.
LaTeX Font Info:    Checking defaults for U/cmr/m/n on input line 14.
LaTeX Font Info:    ... okay on input line 14.
LaTeX Font Info:    Checking defaults for PD1/pdf/m/n on input line 14.
LaTeX Font Info:    ... okay on input line 14.
LaTeX Font Info:    Checking defaults for PU/pdf/m/n on input line 14.
LaTeX Font Info:    ... okay on input line 14.
LaTeX Info: Redefining \it@ocap on input line 14.
LaTeX Info: Redefining \it@ccap on input line 14.


File italian.ldf warning: 
italian.ldf    With OT1 encoding guillemets are poorly faked
italian.ldf    Use T1 encoding
italian.ldf    or specify a font with command \CaporaliFrom
italian.ldf    See the documentation concerning the babel-italian typesetting 
italian.ldf    on input line 14.


(C:\Users\aessn\AppData\Local\Programs\MiKTeX\tex/context/base/mkii\supp-pdf.mk
ii
[Loading MPS to PDF converter (version 2006.09.02).]
\scratchcounter=\count289
\scratchdimen=\dimen159
\scratchbox=\box57
\nofMPsegments=\count290
\nofMParguments=\count291
\everyMPshowfont=\toks20
\MPscratchCnt=\count292
\MPscratchDim=\dimen160
\MPnumerator=\count293
\makeMPintoPDFobject=\count294
\everyMPtoPDFconversion=\toks21
)
(C:\Users\aessn\AppData\Local\Programs\MiKTeX\tex/latex/epstopdf-pkg\epstopdf-b
ase.sty
Package: epstopdf-base 2020-01-24 v2.11 Base part for package epstopdf
Package epstopdf-base Info: Redefining graphics rule for `.eps' on input line 4
85.

(C:\Users\aessn\AppData\Local\Programs\MiKTeX\tex/latex/00miktex\epstopdf-sys.c
fg
File: epstopdf-sys.cfg 2021/03/18 v2.0 Configuration of epstopdf for MiKTeX
))
Package hyperref Info: Link coloring OFF on input line 14.
 (progetto OO.out) (progetto OO.out)
\@outlinefile=\write3
\openout3 = `"progetto OO.out"'.

Package ragged2e Info: ABD: executing \RaggedRight on input line 14.

*geometry* driver: auto-detecting
*geometry* detected driver: pdftex
*geometry* verbose mode - [ preamble ] result:
* driver: pdftex
* paper: a4paper
* layout: <same size as paper>
* layoutoffset:(h,v)=(0.0pt,0.0pt)
* bindingoffset: 14.22636pt
* modes: twoside heightrounded 
* h-part:(L,W,R)=(42.67912pt, 497.92326pt, 42.67912pt)
* v-part:(T,H,B)=(85.35826pt, 674.33032pt, 85.35826pt)
* \paperwidth=597.50787pt
* \paperheight=845.04684pt
* \textwidth=497.92326pt
* \textheight=670.0pt
* \oddsidemargin=-15.3645pt
* \evensidemargin=-29.59087pt
* \topmargin=-16.97922pt
* \headheight=12.0pt
* \headsep=18.06749pt
* \topskip=10.0pt
* \footskip=25.29494pt
* \marginparwidth=115.0pt
* \marginparsep=7.0pt
* \columnsep=10.0pt
* \skip\footins=9.0pt plus 4.0pt minus 2.0pt
* \hoffset=0.0pt
* \voffset=0.0pt
* \mag=1000
* \@twocolumnfalse
* \@twosidetrue
* \@mparswitchtrue
* \@reversemarginfalse
* (1in=72.27pt=25.4mm, 1cm=28.453pt)

LaTeX Font Info:    External font `cmex10' loaded for size
(Font)              <7> on input line 23.
LaTeX Font Info:    External font `cmex10' loaded for size
(Font)              <5> on input line 23.
LaTeX Font Info:    Font shape `OT1/cmtt/bx/n' in size <10> not available
(Font)              Font shape `OT1/cmtt/m/n' tried instead on input line 23.
LaTeX Font Info:    Font shape `OT1/cmtt/bx/n' in size <17.28> not available
(Font)              Font shape `OT1/cmtt/m/n' tried instead on input line 23.
<LOGO.png, id=71, 71.0655pt x 63.8385pt>
File: LOGO.png Graphic file (type png)
<use LOGO.png>
Package pdftex.def Info: LOGO.png  used on input line 25.
(pdftex.def)             Requested size: 113.81102pt x 102.2401pt.
[1



{C:/Users/aessn/AppData/Local/MiKTeX/fonts/map/pdftex/pdftex.map} <./LOGO.png>]
 (progetto OO.toc)
\tf@toc=\write4
\openout4 = `"progetto OO.toc"'.

 [2

]
Chapter 1.
[3

]
Overfull \hbox (4.59389pt too wide) in paragraph at lines 53--54
[]\OT1/cmr/bx/n/10 Sessione\OT1/cmr/m/n/10 : Spe-cial-iz-zazione della classe S
e-duta, classe per la ges-tione delle ses-sioni in un pro-gramma. Garan- 
 []


Overfull \hbox (2.62538pt too wide) in paragraph at lines 59--60
[]\OT1/cmr/bx/n/10 Organizzatore Lo-cale\OT1/cmr/m/n/10 : Spe-cial-iz-zazione d
ella classe Utente, classe che mem-o-rizza in-for-mazioni riguardanti 
 []


Overfull \hbox (21.42392pt too wide) in paragraph at lines 60--61
[]\OT1/cmr/bx/n/10 Organizzatore Sci-en-tifico\OT1/cmr/m/n/10 : Spe-cial-iz-zaz
ione della classe Utente, classe che mem-o-rizza in-for-mazioni riguardanti 
 []

LaTeX Font Info:    External font `cmex10' loaded for size
(Font)              <8> on input line 74.
LaTeX Font Info:    External font `cmex10' loaded for size
(Font)              <6> on input line 74.
[4]
Chapter 2.
<crc_cardsEx.png, id=140, 619.113pt x 97.5645pt>
File: crc_cardsEx.png Graphic file (type png)
<use crc_cardsEx.png>
Package pdftex.def Info: crc_cardsEx.png  used on input line 94.
(pdftex.def)             Requested size: 455.24408pt x 71.74252pt.
[5

 <./crc_cardsEx.png>]
<crc_cards1.png, id=148, 411.33675pt x 532.99126pt>
File: crc_cards1.png Graphic file (type png)
<use crc_cards1.png>
Package pdftex.def Info: crc_cards1.png  used on input line 102.
(pdftex.def)             Requested size: 449.55362pt x 582.54298pt.
<crc_cards2.png, id=149, 362.5545pt x 483.60675pt>
File: crc_cards2.png Graphic file (type png)
<use crc_cards2.png>
Package pdftex.def Info: crc_cards2.png  used on input line 106.
(pdftex.def)             Requested size: 483.69684pt x 645.23294pt.


LaTeX Warning: `!h' float specifier changed to `!ht'.

<crc_cards3.png, id=150, 362.5545pt x 483.0045pt>
File: crc_cards3.png Graphic file (type png)
<use crc_cards3.png>
Package pdftex.def Info: crc_cards3.png  used on input line 110.
(pdftex.def)             Requested size: 483.69684pt x 644.42941pt.

LaTeX Warning: `!h' float specifier changed to `!ht'.

[6 <./crc_cards1.png>]

LaTeX Warning: Text page 7 contains only floats.


Overfull \vbox (1.23294pt too high) has occurred while \output is active []


[7 <./crc_cards2.png>]

LaTeX Warning: Text page 8 contains only floats.


Overfull \vbox (0.42941pt too high) has occurred while \output is active []


[8 <./crc_cards3.png>]
<ClassDiagram MODEL.jpg, id=167, 1817.79124pt x 1760.5775pt>
File: ClassDiagram MODEL.jpg Graphic file (type jpg)
<use ClassDiagram MODEL.jpg>
Package pdftex.def Info: ClassDiagram MODEL.jpg  used on input line 117.
(pdftex.def)             Requested size: 512.1496pt x 496.02086pt.

Overfull \hbox (14.22633pt too wide) in paragraph at lines 117--118
 [][] 
 []

[9 <./ClassDiagram MODEL.jpg>]
<crc_card_gui1.png, id=172, 364.9635pt x 510.10574pt>
File: crc_card_gui1.png Graphic file (type png)
<use crc_card_gui1.png>
Package pdftex.def Info: crc_card_gui1.png  used on input line 125.
(pdftex.def)             Requested size: 426.79134pt x 596.55667pt.
<crc_card_gui2.png, id=173, 366.168pt x 474.573pt>
File: crc_card_gui2.png Graphic file (type png)
<use crc_card_gui2.png>
Package pdftex.def Info: crc_card_gui2.png  used on input line 129.
(pdftex.def)             Requested size: 369.88582pt x 479.40184pt.
<crc_card_gui3.png, id=174, 363.15675pt x 154.77824pt>
File: crc_card_gui3.png Graphic file (type png)
<use crc_card_gui3.png>
Package pdftex.def Info: crc_card_gui3.png  used on input line 130.
(pdftex.def)             Requested size: 369.88582pt x 157.65915pt.


LaTeX Warning: `!h' float specifier changed to `!ht'.

<ClassDiagram GUI.jpg, id=175, 1471.4975pt x 980.66376pt>
File: ClassDiagram GUI.jpg Graphic file (type jpg)
<use ClassDiagram GUI.jpg>
Package pdftex.def Info: ClassDiagram GUI.jpg  used on input line 136.
(pdftex.def)             Requested size: 512.1496pt x 341.3221pt.

Overfull \hbox (14.22633pt too wide) in paragraph at lines 136--137
 [][] 
 []


Underfull \vbox (badness 10000) has occurred while \output is active []

 [10 <./crc_card_gui1.png>]

LaTeX Warning: Text page 11 contains only floats.

[11 <./crc_card_gui2.png> <./crc_card_gui3.png>] [12 <./ClassDiagram GUI.jpg>]
<crc_card_dao1.png, id=191, 362.5545pt x 458.31226pt>
File: crc_card_dao1.png Graphic file (type png)
<use crc_card_dao1.png>
Package pdftex.def Info: crc_card_dao1.png  used on input line 142.
(pdftex.def)             Requested size: 312.9803pt x 395.66537pt.
<crc_card_dao2.png, id=192, 364.9635pt x 230.0595pt>
File: crc_card_dao2.png Graphic file (type png)
<use crc_card_dao2.png>
Package pdftex.def Info: crc_card_dao2.png  used on input line 143.
(pdftex.def)             Requested size: 312.9803pt x 197.30319pt.
File: crc_card_dao2.png Graphic file (type png)
<use crc_card_dao2.png>
Package pdftex.def Info: crc_card_dao2.png  used on input line 147.
(pdftex.def)             Requested size: 369.88582pt x 233.17618pt.


LaTeX Warning: `!h' float specifier changed to `!ht'.

[13 <./crc_card_dao1.png> <./crc_card_dao2.png>]
<ClassDiagram DAO.jpg, id=200, 1645.14626pt x 677.53125pt>
File: ClassDiagram DAO.jpg Graphic file (type jpg)
<use ClassDiagram DAO.jpg>
Package pdftex.def Info: ClassDiagram DAO.jpg  used on input line 154.
(pdftex.def)             Requested size: 540.60236pt x 222.63487pt.

Overfull \hbox (42.6791pt too wide) in paragraph at lines 154--155
 [][] 
 []

[14 <./ClassDiagram DAO.jpg>]
<ClassDiagram CONTROLLER.jpg, id=205, 1328.965pt x 708.6475pt>
File: ClassDiagram CONTROLLER.jpg Graphic file (type jpg)
<use ClassDiagram CONTROLLER.jpg>
Package pdftex.def Info: ClassDiagram CONTROLLER.jpg  used on input line 161.
(pdftex.def)             Requested size: 455.24408pt x 242.75356pt.
 [15 <./ClassDiagram CONTROLLER.jpg>]
Chapter 3.
<SD1.png, id=210, 1508.63625pt x 753.81625pt>
File: SD1.png Graphic file (type png)
<use SD1.png>
Package pdftex.def Info: SD1.png  used on input line 168.
(pdftex.def)             Requested size: 512.1496pt x 255.90306pt.

Overfull \hbox (14.22633pt too wide) in paragraph at lines 168--169
 [][] 
 []

[16

 <./SD1.png>]
<SD2.png, id=215, 1326.9575pt x 893.3375pt>
File: SD2.png Graphic file (type png)
<use SD2.png>
Package pdftex.def Info: SD2.png  used on input line 175.
(pdftex.def)             Requested size: 512.1496pt x 344.78795pt.

Overfull \hbox (14.22633pt too wide) in paragraph at lines 175--176
 [][] 
 []

[17 <./SD2.png>]
<mockup.jpg, id=220, 5977.33125pt x 8993.6pt>
File: mockup.jpg Graphic file (type jpg)
<use mockup.jpg>
Package pdftex.def Info: mockup.jpg  used on input line 182.
(pdftex.def)             Requested size: 369.88582pt x 556.47215pt.
 [18 <./mockup.jpg>] (progetto OO.aux)
Package rerunfilecheck Info: File `"progetto OO".out' has not changed.
(rerunfilecheck)             Checksum: 9714D24E4767DFB9E1BB7B9D95CDAAF9;2884.
 ) 
Here is how much of TeX's memory you used:
 11309 strings out of 475389
 188304 string characters out of 2776999
 635967 words of memory out of 3000000
 32469 multiletter control sequences out of 15000+600000
 475521 words of font info for 50 fonts, out of 8000000 for 9000
 1141 hyphenation exceptions out of 8191
 72i,9n,77p,2224b,538s stack positions out of 10000i,1000n,20000p,200000b,80000s
 <C:\Users\aessn\AppData\Local\MiKTeX\fonts/pk/ljfour/jknappen/ec/dpi600\tcrm
1000.pk><C:/Users/aessn/AppData/Local/Programs/MiKTeX/fonts/type1/public/amsfon
ts/cm/cmbx10.pfb><C:/Users/aessn/AppData/Local/Programs/MiKTeX/fonts/type1/publ
ic/amsfonts/cm/cmbx12.pfb><C:/Users/aessn/AppData/Local/Programs/MiKTeX/fonts/t
ype1/public/amsfonts/cm/cmr10.pfb><C:/Users/aessn/AppData/Local/Programs/MiKTeX
/fonts/type1/public/amsfonts/cm/cmr6.pfb><C:/Users/aessn/AppData/Local/Programs
/MiKTeX/fonts/type1/public/amsfonts/cm/cmr7.pfb><C:/Users/aessn/AppData/Local/P
rograms/MiKTeX/fonts/type1/public/amsfonts/cm/cmr8.pfb><C:/Users/aessn/AppData/
Local/Programs/MiKTeX/fonts/type1/public/amsfonts/cm/cmsl10.pfb><C:/Users/aessn
/AppData/Local/Programs/MiKTeX/fonts/type1/public/amsfonts/cm/cmti10.pfb><C:/Us
ers/aessn/AppData/Local/Programs/MiKTeX/fonts/type1/public/amsfonts/cm/cmtt12.p
fb>
Output written on "progetto OO.pdf" (18 pages, 3860670 bytes).
PDF statistics:
 282 PDF objects out of 1000 (max. 8388607)
 57 named destinations out of 1000 (max. 500000)
 222 words of extra memory for PDF output out of 10000 (max. 10000000)

